
Gurobi 9.5.2 (win64) logging started Thu Oct  6 16:52:21 2022

Set parameter LogFile to value "openSDUC_16g.log"
Set parameter MIPGap to value 0.02
Set parameter Threads to value 6
Gurobi Optimizer version 9.5.2 build v9.5.2rc0 (win64)
Thread count: 4 physical cores, 8 logical processors, using up to 6 threads
Optimize a model with 12603 rows, 29229 columns and 61623 nonzeros
Model fingerprint: 0xce9bb1d0
Variable types: 21669 continuous, 7560 integer (7560 binary)
Coefficient statistics:
  Matrix range     [1e-03, 2e+01]
  Objective range  [1e+00, 1e+00]
  Bounds range     [4e-05, 1e+03]
  RHS range        [1e+00, 5e+02]
Presolve removed 9755 rows and 18938 columns
Presolve time: 0.14s
Presolved: 2848 rows, 10291 columns, 22005 nonzeros
Variable types: 6107 continuous, 4184 integer (4016 binary)
Found heuristic solution: objective 15.7045942

Root relaxation: objective 1.014454e+01, 958 iterations, 0.02 seconds (0.01 work units)

    Nodes    |    Current Node    |     Objective Bounds      |     Work
 Expl Unexpl |  Obj  Depth IntInf | Incumbent    BestBd   Gap | It/Node Time

*    0     0               0      10.1445422   10.14454  0.00%     -    0s

Explored 1 nodes (958 simplex iterations) in 0.24 seconds (0.13 work units)
Thread count was 6 (of 8 available processors)

Solution count 2: 10.1445 15.7046 

Optimal solution found (tolerance 2.00e-02)
Best objective 1.014454219005e+01, best bound 1.014454219005e+01, gap 0.0000%

Gurobi 9.5.2 (win64) logging started Thu Oct  6 16:52:23 2022

Set parameter LogFile to value "openSDUC_16g.log"
Set parameter MIPGap to value 0.02
Set parameter Threads to value 6
No parameters matching 'relax_integrality' found
Gurobi Optimizer version 9.5.2 build v9.5.2rc0 (win64)
Thread count: 4 physical cores, 8 logical processors, using up to 6 threads
Optimize a model with 12603 rows, 22677 columns and 42655 nonzeros
Model fingerprint: 0x396f2adc
Coefficient statistics:
  Matrix range     [3e-03, 2e+01]
  Objective range  [1e+00, 1e+00]
  Bounds range     [4e-05, 1e+03]
  RHS range        [1e+00, 5e+02]

Concurrent LP optimizer: primal simplex, dual simplex, and barrier
Showing barrier log only...

Presolve removed 11103 rows and 18641 columns
Presolve time: 0.10s
Presolved: 1500 rows, 4036 columns, 7042 nonzeros

Ordering time: 0.00s

Barrier statistics:
 AA' NZ     : 1.998e+03
 Factor NZ  : 2.444e+04 (roughly 2 MB of memory)
 Factor Ops : 5.088e+05 (less than 1 second per iteration)
 Threads    : 1

                  Objective                Residual
Iter       Primal          Dual         Primal    Dual     Compl     Time
   0   4.50369919e+02 -2.68962518e+03  8.65e+01 1.39e-17  4.52e+00     0s
   1   5.84741106e+01 -3.92476875e+02  6.51e+00 1.11e-16  3.85e-01     0s
   2   1.06787542e+01 -2.21354469e+00  3.50e-02 4.58e-15  6.59e-03     0s
   3   1.03749108e+01  7.82689202e+00  1.16e-02 7.32e-16  1.24e-03     0s
   4   1.03283727e+01  9.29101552e+00  5.79e-03 2.58e-16  5.40e-04     0s
   5   1.02477882e+01  9.74451362e+00  1.55e-03 1.38e-16  2.45e-04     0s
   6   1.01912294e+01  1.00664938e+01  3.83e-04 1.09e-16  6.07e-05     0s
   7   1.01548650e+01  1.01147267e+01  6.68e-05 1.06e-16  1.88e-05     0s
   8   1.01483579e+01  1.01343981e+01  2.17e-05 1.32e-16  6.50e-06     0s
   9   1.01453305e+01  1.01430171e+01  3.88e-06 1.04e-16  1.08e-06     0s
  10   1.01446164e+01  1.01444290e+01  2.67e-07 1.01e-16  8.69e-08     0s
  11   1.01445447e+01  1.01445406e+01  4.18e-09 1.04e-16  1.87e-09     0s
  12   1.01445422e+01  1.01445422e+01  2.04e-10 7.83e-17  7.04e-13     0s

Barrier solved model in 12 iterations and 0.13 seconds (0.03 work units)
Optimal objective 1.01445422e+01


Solved with dual simplex
Solved in 1907 iterations and 0.13 seconds (0.06 work units)
Optimal objective  1.014454219e+01
